[     703ms] [ERROR] Failed to fetch RSC payload for https://uae-healthcare-directory.vercel.app/directory/dubai/al-mamzar. Falling back to browser navigation. TypeError: Failed to fetch
    at f (https://uae-healthcare-directory.vercel.app/_next/static/chunks/117-a555172fb8d682dd.js:1:45433)
    at https://uae-healthcare-directory.vercel.app/_next/static/chunks/117-a555172fb8d682dd.js:1:58959
    at Object.u [as task] (https://uae-healthcare-directory.vercel.app/_next/static/chunks/117-a555172fb8d682dd.js:1:31834)
    at c.s (https://uae-healthcare-directory.vercel.app/_next/static/chunks/117-a555172fb8d682dd.js:1:32539)
    at Object.u [as task] (https://uae-healthcare-directory.vercel.app/_next/static/chunks/117-a555172fb8d682dd.js:1:31896) @ https://uae-healthcare-directory.vercel.app/_next/static/chunks/117-a555172fb8d682dd.js:0
[     704ms] [ERROR] Failed to fetch RSC payload for https://uae-healthcare-directory.vercel.app/directory/dubai/dubai-hills. Falling back to browser navigation. TypeError: Failed to fetch
    at f (https://uae-healthcare-directory.vercel.app/_next/static/chunks/117-a555172fb8d682dd.js:1:45433)
    at https://uae-healthcare-directory.vercel.app/_next/static/chunks/117-a555172fb8d682dd.js:1:58959
    at Object.u [as task] (https://uae-healthcare-directory.vercel.app/_next/static/chunks/117-a555172fb8d682dd.js:1:31834)
    at c.s (https://uae-healthcare-directory.vercel.app/_next/static/chunks/117-a555172fb8d682dd.js:1:32539)
    at Object.u [as task] (https://uae-healthcare-directory.vercel.app/_next/static/chunks/117-a555172fb8d682dd.js:1:31896) @ https://uae-healthcare-directory.vercel.app/_next/static/chunks/117-a555172fb8d682dd.js:0
[     705ms] [ERROR] Failed to fetch RSC payload for https://uae-healthcare-directory.vercel.app/directory/dubai/al-rashidiya. Falling back to browser navigation. TypeError: Failed to fetch
    at f (https://uae-healthcare-directory.vercel.app/_next/static/chunks/117-a555172fb8d682dd.js:1:45433)
    at https://uae-healthcare-directory.vercel.app/_next/static/chunks/117-a555172fb8d682dd.js:1:58959
    at Object.u [as task] (https://uae-healthcare-directory.vercel.app/_next/static/chunks/117-a555172fb8d682dd.js:1:31834)
    at c.s (https://uae-healthcare-directory.vercel.app/_next/static/chunks/117-a555172fb8d682dd.js:1:32539)
    at Object.u [as task] (https://uae-healthcare-directory.vercel.app/_next/static/chunks/117-a555172fb8d682dd.js:1:31896) @ https://uae-healthcare-directory.vercel.app/_next/static/chunks/117-a555172fb8d682dd.js:0
[     705ms] [ERROR] Failed to fetch RSC payload for https://uae-healthcare-directory.vercel.app/directory/dubai/umm-suqeim. Falling back to browser navigation. TypeError: Failed to fetch
    at f (https://uae-healthcare-directory.vercel.app/_next/static/chunks/117-a555172fb8d682dd.js:1:45433)
    at https://uae-healthcare-directory.vercel.app/_next/static/chunks/117-a555172fb8d682dd.js:1:58959
    at Object.u [as task] (https://uae-healthcare-directory.vercel.app/_next/static/chunks/117-a555172fb8d682dd.js:1:31834)
    at c.s (https://uae-healthcare-directory.vercel.app/_next/static/chunks/117-a555172fb8d682dd.js:1:32539)
    at Object.u [as task] (https://uae-healthcare-directory.vercel.app/_next/static/chunks/117-a555172fb8d682dd.js:1:31896) @ https://uae-healthcare-directory.vercel.app/_next/static/chunks/117-a555172fb8d682dd.js:0
[     705ms] [ERROR] Failed to fetch RSC payload for https://uae-healthcare-directory.vercel.app/directory/dubai/al-satwa. Falling back to browser navigation. TypeError: Failed to fetch
    at f (https://uae-healthcare-directory.vercel.app/_next/static/chunks/117-a555172fb8d682dd.js:1:45433)
    at https://uae-healthcare-directory.vercel.app/_next/static/chunks/117-a555172fb8d682dd.js:1:58959
    at Object.u [as task] (https://uae-healthcare-directory.vercel.app/_next/static/chunks/117-a555172fb8d682dd.js:1:31834)
    at c.s (https://uae-healthcare-directory.vercel.app/_next/static/chunks/117-a555172fb8d682dd.js:1:32539)
    at Object.u [as task] (https://uae-healthcare-directory.vercel.app/_next/static/chunks/117-a555172fb8d682dd.js:1:31896) @ https://uae-healthcare-directory.vercel.app/_next/static/chunks/117-a555172fb8d682dd.js:0
