[     172ms] [WARNING] An iframe which has both allow-scripts and allow-same-origin for its sandbox attribute can escape its sandboxing. @ https://techcrunch.com/:0
[     593ms] [WARNING] [Meta Pixel] - Missing event name. Track events must be logged with an event name fbq("track", eventName) @ https://connect.facebook.net/en_US/fbevents.js:175
[     736ms] [WARNING] An iframe which has both allow-scripts and allow-same-origin for its sandbox attribute can escape its sandboxing. @ https://js-na2.hscollectedforms.net/collectedforms.js:1
[     758ms] [ERROR] Failed to load resource: net::ERR_NAME_NOT_RESOLVED @ https://silo61.p7cloud.net/as1.js?uri=https://techcrunch.com:0
[     846ms] [WARNING] An iframe which has both allow-scripts and allow-same-origin for its sandbox attribute can escape its sandboxing. @ https://js-na2.hs-analytics.net/analytics/1773857400000/242234635.js:19
[    1110ms] [ERROR] Attestation check for Attribution Reporting on https://www.facebook.com failed. @ https://techcrunch.com/:0
[    1263ms] [WARNING] An iframe which has both allow-scripts and allow-same-origin for its sandbox attribute can escape its sandboxing. @ https://public.servenobid.com/partner/163965/163966/wrapup_1.0.0.js?ver=692234b82bbd521da4fa:1
[    1305ms] [ERROR] Access to fetch at 'https://sync.intentiq.com/profiles_engine/ProfilesEngineServlet?at=20&mi=10&secure=1&dpi=1354117088&iiqidtype=2&iiqpcid=cc93f713-7926-4f21-9821-7fcfd0e508c4&iiqpciddate=1773859149654&tsrnd=582_1773859149656&cz=0%3A844%2C1%3A1200%2C2%3Aundefined%2C3%3A1112%2C4%3A1710%2C5%3Aen-GB&dw=1710&dh=1112&dpr=undefined&lan=en-GB&jsver=0.29&vrref=https%3A%2F%2Ftechcrunch.com%2F&gdpr=0&source=pbjs' from origin 'https://techcrunch.com' has been blocked by CORS policy: No 'Access-Control-Allow-Origin' header is present on the requested resource. @ https://techcrunch.com/:0
[    1306ms] [ERROR] Failed to load resource: net::ERR_FAILED @ https://sync.intentiq.com/profiles_engine/ProfilesEngineServlet?at=20&mi=10&secure=1&dpi=1354117088&iiqidtype=2&iiqpcid=cc93f713-7926-4f21-9821-7fcfd0e508c4&iiqpciddate=1773859149654&tsrnd=582_1773859149656&cz=0%3A844%2C1%3A1200%2C2%3Aundefined%2C3%3A1112%2C4%3A1710%2C5%3Aen-GB&dw=1710&dh=1112&dpr=undefined&lan=en-GB&jsver=0.29&vrref=https%3A%2F%2Ftechcrunch.com%2F&gdpr=0&source=pbjs:0
[    1671ms] [ERROR] Access to fetch at 'https://api.rlcdn.com/api/identity/envelope?pid=14287' from origin 'https://techcrunch.com' has been blocked by CORS policy: No 'Access-Control-Allow-Origin' header is present on the requested resource. @ https://techcrunch.com/:0
[    1671ms] [ERROR] Failed to load resource: net::ERR_FAILED @ https://api.rlcdn.com/api/identity/envelope?pid=14287:0
[    1721ms] [WARNING] An iframe which has both allow-scripts and allow-same-origin for its sandbox attribute can escape its sandboxing. @ https://www.gstatic.com/recaptcha/releases/qm3PSRIx10pekcnS9DjGnjPW/recaptcha__en.js:572
[    1848ms] [WARNING] [GPT] Invalid arguments: PubAdsService.setTargeting('is_bot', null).
https://goo.gle/gpt-message#96 @ https://securepubads.g.doubleclick.net/pagead/managed/js/gpt/m202603120101/pubads_impl.js:18
[    1862ms] [WARNING] An iframe which has both allow-scripts and allow-same-origin for its sandbox attribute can escape its sandboxing. @ https://securepubads.g.doubleclick.net/pagead/managed/js/gpt/m202603120101/pubads_impl.js:18
[    1867ms] [WARNING] An iframe which has both allow-scripts and allow-same-origin for its sandbox attribute can escape its sandboxing. @ https://cdn.brandmetrics.com/scripts/bundle/65568.js?sid=10770d33-7fa3-4316-ade9-5ca89d38d910&toploc=techcrunch.com:0
[    1942ms] [WARNING] An iframe which has both allow-scripts and allow-same-origin for its sandbox attribute can escape its sandboxing. @ https://www.gstatic.com/recaptcha/releases/qm3PSRIx10pekcnS9DjGnjPW/recaptcha__en.js:661
[    2195ms] [WARNING] An iframe which has both allow-scripts and allow-same-origin for its sandbox attribute can escape its sandboxing. @ /_/mss/boq-content-ads-contributor/_/js/k=boq-content-ads-contributor.ContributorServingResponseClientJs.en_GB.tyX7Dm4xYZg.es5.O/d=1/rs=AJlcJMw_VSQlGm9ZQf96C7OS13vC5l6lLw/m=kernel_loader,loader_js_executable:477
[    2196ms] [WARNING] An iframe which has both allow-scripts and allow-same-origin for its sandbox attribute can escape its sandboxing. @ /_/mss/boq-content-ads-contributor/_/js/k=boq-content-ads-contributor.ContributorServingResponseClientJs.en_GB.tyX7Dm4xYZg.es5.O/d=1/rs=AJlcJMw_VSQlGm9ZQf96C7OS13vC5l6lLw/m=kernel_loader,loader_js_executable:477
[    2198ms] [WARNING] An iframe which has both allow-scripts and allow-same-origin for its sandbox attribute can escape its sandboxing. @ /_/mss/boq-content-ads-contributor/_/js/k=boq-content-ads-contributor.ContributorServingResponseClientJs.en_GB.tyX7Dm4xYZg.es5.O/d=1/rs=AJlcJMw_VSQlGm9ZQf96C7OS13vC5l6lLw/m=kernel_loader,loader_js_executable:477
[    2199ms] [WARNING] An iframe which has both allow-scripts and allow-same-origin for its sandbox attribute can escape its sandboxing. @ /_/mss/boq-content-ads-contributor/_/js/k=boq-content-ads-contributor.ContributorServingResponseClientJs.en_GB.tyX7Dm4xYZg.es5.O/d=1/rs=AJlcJMw_VSQlGm9ZQf96C7OS13vC5l6lLw/m=kernel_loader,loader_js_executable:477
[    2200ms] [WARNING] An iframe which has both allow-scripts and allow-same-origin for its sandbox attribute can escape its sandboxing. @ /_/mss/boq-content-ads-contributor/_/js/k=boq-content-ads-contributor.ContributorServingResponseClientJs.en_GB.tyX7Dm4xYZg.es5.O/d=1/rs=AJlcJMw_VSQlGm9ZQf96C7OS13vC5l6lLw/m=kernel_loader,loader_js_executable:477
[    4066ms] [ERROR]  Note that 'script-src' was not explicitly set, so 'default-src' is used as a fallback. @ https://challenges.cloudflare.com/cdn-cgi/challenge-platform/h/b/turnstile/f/ov2/av0/rch/s0jml/0x4AAAAAAB5UiAgmkGtdUBSR/auto/fbE/new/normal?lang=auto:0
[    4079ms] [WARNING] An iframe which has both allow-scripts and allow-same-origin for its sandbox attribute can escape its sandboxing. @ https://securepubads.g.doubleclick.net/pagead/managed/js/gpt/m202603120101/pubads_impl.js:18
[    4085ms] [WARNING] An iframe which has both allow-scripts and allow-same-origin for its sandbox attribute can escape its sandboxing. @ https://securepubads.g.doubleclick.net/pagead/managed/js/gpt/m202603120101/pubads_impl.js:18
[    4088ms] [WARNING] [GPT] Slot us-tc-main-dt-top-right-1-1 rendered inside of the viewport.
https://goo.gle/gpt-message#169 @ https://securepubads.g.doubleclick.net/pagead/managed/js/gpt/m202603120101/pubads_impl.js:18
[    4089ms] [WARNING] An iframe which has both allow-scripts and allow-same-origin for its sandbox attribute can escape its sandboxing. @ https://securepubads.g.doubleclick.net/pagead/managed/js/gpt/m202603120101/pubads_impl.js:18
[    4446ms] [ERROR] Failed to load resource: the server responded with a status of 401 () @ https://challenges.cloudflare.com/cdn-cgi/challenge-platform/h/b/pat/9de65bc08991180c/1773859149808/f572ab593d831793192fb1e963084e80347a119fb2c52a9ee8dcdf646f470bde/St5WVn-TXCv9Wl9:0
[    4465ms] [ERROR] %c%d font-size:0;color:transparent NaN @ https://challenges.cloudflare.com/cdn-cgi/challenge-platform/h/b/turnstile/f/ov2/av0/rch/s0jml/0x4AAAAAAB5UiAgmkGtdUBSR/auto/fbE/new/normal?lang=auto:0
[    4465ms] [ERROR] %c%d font-size:0;color:transparent NaN @ https://challenges.cloudflare.com/cdn-cgi/challenge-platform/h/b/turnstile/f/ov2/av0/rch/s0jml/0x4AAAAAAB5UiAgmkGtdUBSR/auto/fbE/new/normal?lang=auto:0
[    4466ms] [WARNING] %c%d font-size:0;color:transparent NaN @ https://challenges.cloudflare.com/cdn-cgi/challenge-platform/h/b/turnstile/f/ov2/av0/rch/s0jml/0x4AAAAAAB5UiAgmkGtdUBSR/auto/fbE/new/normal?lang=auto:0
[    4466ms] [WARNING] %c%d font-size:0;color:transparent NaN @ https://challenges.cloudflare.com/cdn-cgi/challenge-platform/h/b/turnstile/f/ov2/av0/rch/s0jml/0x4AAAAAAB5UiAgmkGtdUBSR/auto/fbE/new/normal?lang=auto:0
[    4507ms] [ERROR] Permissions policy violation: xr-spatial-tracking is not allowed in this document. @ https://challenges.cloudflare.com/cdn-cgi/challenge-platform/h/b/turnstile/f/ov2/av0/rch/s0jml/0x4AAAAAAB5UiAgmkGtdUBSR/auto/fbE/new/normal?lang=auto:0
[    4507ms] [ERROR] Permissions policy violation: xr-spatial-tracking is not allowed in this document. @ https://challenges.cloudflare.com/cdn-cgi/challenge-platform/h/b/turnstile/f/ov2/av0/rch/s0jml/0x4AAAAAAB5UiAgmkGtdUBSR/auto/fbE/new/normal?lang=auto:0
[    4930ms] [WARNING] Canvas2D: Multiple readback operations using getImageData are faster with the willReadFrequently attribute set to true. See: https://html.spec.whatwg.org/multipage/canvas.html#concept-canvas-will-read-frequently @ https://challenges.cloudflare.com/cdn-cgi/challenge-platform/h/b/turnstile/f/ov2/av0/rch/s0jml/0x4AAAAAAB5UiAgmkGtdUBSR/auto/fbE/new/normal?lang=auto:0
[    4983ms] [WARNING] WebGL: INVALID_ENUM: renderbufferStorage: EXT_color_buffer_float/EXT_color_buffer_half_float not enabled @ https://challenges.cloudflare.com/cdn-cgi/challenge-platform/h/b/turnstile/f/ov2/av0/rch/s0jml/0x4AAAAAAB5UiAgmkGtdUBSR/auto/fbE/new/normal?lang=auto:0
[    4983ms] [WARNING] WebGL: INVALID_ENUM: renderbufferStorage: EXT_color_buffer_float/EXT_color_buffer_half_float not enabled @ https://challenges.cloudflare.com/cdn-cgi/challenge-platform/h/b/turnstile/f/ov2/av0/rch/s0jml/0x4AAAAAAB5UiAgmkGtdUBSR/auto/fbE/new/normal?lang=auto:0
[    4983ms] [WARNING] WebGL: INVALID_ENUM: renderbufferStorage: EXT_color_buffer_float/EXT_color_buffer_half_float not enabled @ https://challenges.cloudflare.com/cdn-cgi/challenge-platform/h/b/turnstile/f/ov2/av0/rch/s0jml/0x4AAAAAAB5UiAgmkGtdUBSR/auto/fbE/new/normal?lang=auto:0
[    4983ms] [WARNING] WebGL: INVALID_ENUM: renderbufferStorage: EXT_color_buffer_float not enabled @ https://challenges.cloudflare.com/cdn-cgi/challenge-platform/h/b/turnstile/f/ov2/av0/rch/s0jml/0x4AAAAAAB5UiAgmkGtdUBSR/auto/fbE/new/normal?lang=auto:0
[    4983ms] [WARNING] WebGL: INVALID_ENUM: renderbufferStorage: EXT_color_buffer_float not enabled @ https://challenges.cloudflare.com/cdn-cgi/challenge-platform/h/b/turnstile/f/ov2/av0/rch/s0jml/0x4AAAAAAB5UiAgmkGtdUBSR/auto/fbE/new/normal?lang=auto:0
[    4983ms] [WARNING] WebGL: INVALID_ENUM: renderbufferStorage: EXT_color_buffer_float not enabled @ https://challenges.cloudflare.com/cdn-cgi/challenge-platform/h/b/turnstile/f/ov2/av0/rch/s0jml/0x4AAAAAAB5UiAgmkGtdUBSR/auto/fbE/new/normal?lang=auto:0
[    4983ms] [WARNING] WebGL: INVALID_ENUM: renderbufferStorage: EXT_color_buffer_float not enabled @ https://challenges.cloudflare.com/cdn-cgi/challenge-platform/h/b/turnstile/f/ov2/av0/rch/s0jml/0x4AAAAAAB5UiAgmkGtdUBSR/auto/fbE/new/normal?lang=auto:0
[    9916ms] [ERROR] Failed to load resource: net::ERR_CERT_DATE_INVALID @ https://measureadv.com/user?gdpr=0&gdpr_consent=&usp_consent=&p=4:0
[    9916ms] [ERROR] Failed to load resource: net::ERR_CERT_DATE_INVALID @ https://measureadv.com/user?gdpr=0&gdpr_consent=&usp_consent=&p=4:0
[   15994ms] [ERROR] Failed to load resource: net::ERR_SOCKET_NOT_CONNECTED @ https://id5-sync.com/s/1854/9.gif?puid=75dac5e1-ec55-4b9d-a9c0-ba13c874111a&gdpr=0&gdpr_consent=&gpp=&gpp_sid=&us_privacy=:0
[   21948ms] [WARNING] An iframe which has both allow-scripts and allow-same-origin for its sandbox attribute can escape its sandboxing. @ https://securepubads.g.doubleclick.net/pagead/managed/js/gpt/m202603120101/pubads_impl.js:18
[   21988ms] [WARNING] An iframe which has both allow-scripts and allow-same-origin for its sandbox attribute can escape its sandboxing. @ https://securepubads.g.doubleclick.net/pagead/managed/js/gpt/m202603120101/pubads_impl.js:18
[   21996ms] [WARNING] An iframe which has both allow-scripts and allow-same-origin for its sandbox attribute can escape its sandboxing. @ https://securepubads.g.doubleclick.net/pagead/managed/js/gpt/m202603120101/pubads_impl.js:18
[   22002ms] [WARNING] An iframe which has both allow-scripts and allow-same-origin for its sandbox attribute can escape its sandboxing. @ https://securepubads.g.doubleclick.net/pagead/managed/js/gpt/m202603120101/pubads_impl.js:18
[   22007ms] [WARNING] [GPT] Slot us-tc-main-dt-mid-right-1-5 rendered inside of the viewport.
https://goo.gle/gpt-message#169 @ https://securepubads.g.doubleclick.net/pagead/managed/js/gpt/m202603120101/pubads_impl.js:18
[   22058ms] [WARNING] An iframe which has both allow-scripts and allow-same-origin for its sandbox attribute can escape its sandboxing. @ https://securepubads.g.doubleclick.net/pagead/managed/js/gpt/m202603120101/pubads_impl.js:18
[   22063ms] [WARNING] [GPT] Slot us-tc-main-dt-btm-center-1-1 rendered inside of the viewport.
https://goo.gle/gpt-message#169 @ https://securepubads.g.doubleclick.net/pagead/managed/js/gpt/m202603120101/pubads_impl.js:18
[   22068ms] [WARNING] An iframe which has both allow-scripts and allow-same-origin for its sandbox attribute can escape its sandboxing. @ https://securepubads.g.doubleclick.net/pagead/managed/js/gpt/m202603120101/pubads_impl.js:18
[   22696ms] TypeError: Cannot read properties of undefined (reading 'setRushSimulatedLocalEvents')
    at https://s0.2mdn.net/dfp/2849604/5977527766/1772299575659/index.html:247:556
[   22697ms] TypeError: Cannot read properties of undefined (reading 'setRushSimulatedLocalEvents')
    at https://s0.2mdn.net/dfp/2849604/5977527766/1772299697566/index.html:247:556
[   22732ms] [ERROR] Attestation check for Shared Storage on https://www.googleadservices.com failed. @ https://www.googleadservices.com/pagead/managed/js/activeview/current/reach_worklet.html:0
[   22736ms] [ERROR] Attestation check for Shared Storage on https://www.googleadservices.com failed. @ https://www.googleadservices.com/pagead/managed/js/activeview/current/reach_worklet.html:0
[   22737ms] [ERROR] Attestation check for Shared Storage on https://www.googleadservices.com failed. @ https://www.googleadservices.com/pagead/managed/js/activeview/current/reach_worklet.html:0
[   22754ms] TypeError: Cannot read properties of undefined (reading 'setRushSimulatedLocalEvents')
    at https://s0.2mdn.net/dfp/2849604/5977527766/1772300001393/index.html:247:556
[    9916ms] [ERROR] Failed to load resource: net::ERR_CERT_DATE_INVALID @ https://measureadv.com/user?gdpr=0&gdpr_consent=&usp_consent=&p=4:0
[   15994ms] [ERROR] Failed to load resource: net::ERR_SOCKET_NOT_CONNECTED @ https://id5-sync.com/s/1854/9.gif?puid=75dac5e1-ec55-4b9d-a9c0-ba13c874111a&gdpr=0&gdpr_consent=&gpp=&gpp_sid=&us_privacy=:0
[   47401ms] [WARNING] An iframe which has both allow-scripts and allow-same-origin for its sandbox attribute can escape its sandboxing. @ https://securepubads.g.doubleclick.net/pagead/managed/js/gpt/m202603120101/pubads_impl.js:18
[   22732ms] [ERROR] Attestation check for Shared Storage on https://www.googleadservices.com failed. @ https://www.googleadservices.com/pagead/managed/js/activeview/current/reach_worklet.html:0
[   22736ms] [ERROR] Attestation check for Shared Storage on https://www.googleadservices.com failed. @ https://www.googleadservices.com/pagead/managed/js/activeview/current/reach_worklet.html:0
[   22737ms] [ERROR] Attestation check for Shared Storage on https://www.googleadservices.com failed. @ https://www.googleadservices.com/pagead/managed/js/activeview/current/reach_worklet.html:0
[   62170ms] [ERROR] Attestation check for Shared Storage on https://www.googleadservices.com failed. @ https://www.googleadservices.com/pagead/managed/js/activeview/current/reach_worklet.html:0
[   62291ms] [ERROR] Attestation check for Attribution Reporting on https://ad.doubleclick.net failed. @ https://techcrunch.com/:0
[   62358ms] [ERROR] Attestation check for Attribution Reporting on https://ad.doubleclick.net failed. @ https://techcrunch.com/:0
[   22732ms] [ERROR] Attestation check for Shared Storage on https://www.googleadservices.com failed. @ https://www.googleadservices.com/pagead/managed/js/activeview/current/reach_worklet.html:0
[   22736ms] [ERROR] Attestation check for Shared Storage on https://www.googleadservices.com failed. @ https://www.googleadservices.com/pagead/managed/js/activeview/current/reach_worklet.html:0
[   22737ms] [ERROR] Attestation check for Shared Storage on https://www.googleadservices.com failed. @ https://www.googleadservices.com/pagead/managed/js/activeview/current/reach_worklet.html:0
[   62170ms] [ERROR] Attestation check for Shared Storage on https://www.googleadservices.com failed. @ https://www.googleadservices.com/pagead/managed/js/activeview/current/reach_worklet.html:0
[   77460ms] [ERROR] Attestation check for Shared Storage on https://www.googleadservices.com failed. @ https://www.googleadservices.com/pagead/managed/js/activeview/current/reach_worklet.html:0
[   77502ms] [ERROR] Attestation check for Attribution Reporting on https://ad.doubleclick.net failed. @ https://techcrunch.com/:0
[   77515ms] [ERROR] Attestation check for Attribution Reporting on https://ad.doubleclick.net failed. @ https://techcrunch.com/:0
[   92844ms] [WARNING] An iframe which has both allow-scripts and allow-same-origin for its sandbox attribute can escape its sandboxing. @ https://securepubads.g.doubleclick.net/pagead/managed/js/gpt/m202603120101/pubads_impl.js:18
[   22732ms] [ERROR] Attestation check for Shared Storage on https://www.googleadservices.com failed. @ https://www.googleadservices.com/pagead/managed/js/activeview/current/reach_worklet.html:0
[   22736ms] [ERROR] Attestation check for Shared Storage on https://www.googleadservices.com failed. @ https://www.googleadservices.com/pagead/managed/js/activeview/current/reach_worklet.html:0
[   22737ms] [ERROR] Attestation check for Shared Storage on https://www.googleadservices.com failed. @ https://www.googleadservices.com/pagead/managed/js/activeview/current/reach_worklet.html:0
[   62170ms] [ERROR] Attestation check for Shared Storage on https://www.googleadservices.com failed. @ https://www.googleadservices.com/pagead/managed/js/activeview/current/reach_worklet.html:0
[   77460ms] [ERROR] Attestation check for Shared Storage on https://www.googleadservices.com failed. @ https://www.googleadservices.com/pagead/managed/js/activeview/current/reach_worklet.html:0
[   93065ms] [ERROR] Attestation check for Shared Storage on https://www.googleadservices.com failed. @ https://www.googleadservices.com/pagead/managed/js/activeview/current/reach_worklet.html:0
[   93586ms] TypeError: Failed to fetch
    at a (blob:https://techcrunch.com/a158410a-056f-4d0e-b8fe-494dc8d9b134:1:343)
    at blob:https://techcrunch.com/a158410a-056f-4d0e-b8fe-494dc8d9b134:1:619
