[     -10ms] [WARNING] An iframe which has both allow-scripts and allow-same-origin for its sandbox attribute can escape its sandboxing. @ https://techcrunch.com/2026/03/18/patreon-ceo-calls-ai-companies-fair-use-argument-bogus-says-creators-should-be-paid/:0
[     181ms] [WARNING] An iframe which has both allow-scripts and allow-same-origin for its sandbox attribute can escape its sandboxing. @ https://public.servenobid.com/partner/163965/163966/wrapup_1.0.0.js?ver=692234b82bbd521da4fa:1
[     510ms] [WARNING] An iframe which has both allow-scripts and allow-same-origin for its sandbox attribute can escape its sandboxing. @ https://cdn.brandmetrics.com/scripts/bundle/65568.js?sid=10770d33-7fa3-4316-ade9-5ca89d38d910&toploc=techcrunch.com:0
[     578ms] [WARNING] [Meta Pixel] - Missing event name. Track events must be logged with an event name fbq("track", eventName) @ https://connect.facebook.net/en_US/fbevents.js:175
[     671ms] [WARNING] An iframe which has both allow-scripts and allow-same-origin for its sandbox attribute can escape its sandboxing. @ https://securepubads.g.doubleclick.net/pagead/managed/js/gpt/m202603120101/pubads_impl.js:18
[     679ms] [ERROR] Failed to load resource: net::ERR_NAME_NOT_RESOLVED @ https://silo61.p7cloud.net/as1.js?uri=https://techcrunch.com/2026/03/18/patreon-ceo-calls-ai-companies-fair-use-argument-bogus-says-creators-should-be-paid:0
[     682ms] [WARNING] An iframe which has both allow-scripts and allow-same-origin for its sandbox attribute can escape its sandboxing. @ https://www.gstatic.com/recaptcha/releases/qm3PSRIx10pekcnS9DjGnjPW/recaptcha__en.js:572
[     707ms] [WARNING] An iframe which has both allow-scripts and allow-same-origin for its sandbox attribute can escape its sandboxing. @ https://js-na2.hscollectedforms.net/collectedforms.js:1
[     736ms] [WARNING] An iframe which has both allow-scripts and allow-same-origin for its sandbox attribute can escape its sandboxing. @ https://js-na2.hs-analytics.net/analytics/1773857400000/242234635.js:19
[     865ms] [WARNING] An iframe which has both allow-scripts and allow-same-origin for its sandbox attribute can escape its sandboxing. @ https://www.gstatic.com/recaptcha/releases/qm3PSRIx10pekcnS9DjGnjPW/recaptcha__en.js:661
[     909ms] [WARNING] An iframe which has both allow-scripts and allow-same-origin for its sandbox attribute can escape its sandboxing. @ /_/mss/boq-content-ads-contributor/_/js/k=boq-content-ads-contributor.ContributorServingResponseClientJs.en_GB.tyX7Dm4xYZg.es5.O/d=1/rs=AJlcJMw_VSQlGm9ZQf96C7OS13vC5l6lLw/m=kernel_loader,loader_js_executable:477
[     911ms] [WARNING] An iframe which has both allow-scripts and allow-same-origin for its sandbox attribute can escape its sandboxing. @ /_/mss/boq-content-ads-contributor/_/js/k=boq-content-ads-contributor.ContributorServingResponseClientJs.en_GB.tyX7Dm4xYZg.es5.O/d=1/rs=AJlcJMw_VSQlGm9ZQf96C7OS13vC5l6lLw/m=kernel_loader,loader_js_executable:477
[     912ms] [WARNING] An iframe which has both allow-scripts and allow-same-origin for its sandbox attribute can escape its sandboxing. @ /_/mss/boq-content-ads-contributor/_/js/k=boq-content-ads-contributor.ContributorServingResponseClientJs.en_GB.tyX7Dm4xYZg.es5.O/d=1/rs=AJlcJMw_VSQlGm9ZQf96C7OS13vC5l6lLw/m=kernel_loader,loader_js_executable:477
[     913ms] [WARNING] An iframe which has both allow-scripts and allow-same-origin for its sandbox attribute can escape its sandboxing. @ /_/mss/boq-content-ads-contributor/_/js/k=boq-content-ads-contributor.ContributorServingResponseClientJs.en_GB.tyX7Dm4xYZg.es5.O/d=1/rs=AJlcJMw_VSQlGm9ZQf96C7OS13vC5l6lLw/m=kernel_loader,loader_js_executable:477
[     914ms] [WARNING] An iframe which has both allow-scripts and allow-same-origin for its sandbox attribute can escape its sandboxing. @ /_/mss/boq-content-ads-contributor/_/js/k=boq-content-ads-contributor.ContributorServingResponseClientJs.en_GB.tyX7Dm4xYZg.es5.O/d=1/rs=AJlcJMw_VSQlGm9ZQf96C7OS13vC5l6lLw/m=kernel_loader,loader_js_executable:477
[     923ms] [ERROR] Attestation check for Attribution Reporting on https://www.facebook.com failed. @ https://techcrunch.com/2026/03/18/patreon-ceo-calls-ai-companies-fair-use-argument-bogus-says-creators-should-be-paid/:0
[    2268ms] [WARNING] An iframe which has both allow-scripts and allow-same-origin for its sandbox attribute can escape its sandboxing. @ https://securepubads.g.doubleclick.net/pagead/managed/js/gpt/m202603120101/pubads_impl.js:18
[    2284ms] [WARNING] An iframe which has both allow-scripts and allow-same-origin for its sandbox attribute can escape its sandboxing. @ https://securepubads.g.doubleclick.net/pagead/managed/js/gpt/m202603120101/pubads_impl.js:18
[    2369ms] [ERROR] Attestation check for Shared Storage on https://www.googleadservices.com failed. @ https://www.googleadservices.com/pagead/managed/js/activeview/current/reach_worklet.html:0
[    2369ms] [ERROR] Attestation check for Shared Storage on https://www.googleadservices.com failed. @ https://www.googleadservices.com/pagead/managed/js/activeview/current/reach_worklet.html:0
[    2369ms] [ERROR] Attestation check for Shared Storage on https://www.googleadservices.com failed. @ https://www.googleadservices.com/pagead/managed/js/activeview/current/reach_worklet.html:0
[    2369ms] [ERROR] Attestation check for Shared Storage on https://www.googleadservices.com failed. @ https://www.googleadservices.com/pagead/managed/js/activeview/current/reach_worklet.html:0
[    2456ms] [ERROR] Attestation check for Shared Storage on https://www.googleadservices.com failed. @ https://www.googleadservices.com/pagead/managed/js/activeview/current/reach_worklet.html:0
[    2458ms] [ERROR] Attestation check for Shared Storage on https://www.googleadservices.com failed. @ https://www.googleadservices.com/pagead/managed/js/activeview/current/reach_worklet.html:0
[    2458ms] [ERROR] Attestation check for Shared Storage on https://www.googleadservices.com failed. @ https://www.googleadservices.com/pagead/managed/js/activeview/current/reach_worklet.html:0
[    2369ms] [ERROR] Attestation check for Shared Storage on https://www.googleadservices.com failed. @ https://www.googleadservices.com/pagead/managed/js/activeview/current/reach_worklet.html:0
[    2456ms] [ERROR] Attestation check for Shared Storage on https://www.googleadservices.com failed. @ https://www.googleadservices.com/pagead/managed/js/activeview/current/reach_worklet.html:0
[    2458ms] [ERROR] Attestation check for Shared Storage on https://www.googleadservices.com failed. @ https://www.googleadservices.com/pagead/managed/js/activeview/current/reach_worklet.html:0
[    2458ms] [ERROR] Attestation check for Shared Storage on https://www.googleadservices.com failed. @ https://www.googleadservices.com/pagead/managed/js/activeview/current/reach_worklet.html:0
[    2550ms] [ERROR] Attestation check for Attribution Reporting on https://ad.doubleclick.net failed. @ https://techcrunch.com/2026/03/18/patreon-ceo-calls-ai-companies-fair-use-argument-bogus-says-creators-should-be-paid/:0
[    2583ms] [ERROR] Failed to load resource: net::ERR_NAME_NOT_RESOLVED @ https://sync.search.spotxchange.com/partner?adv_id=7025&gdpr=0&gpp_sid=-1&redir=https%3A%2F%2Fcm.g.doubleclick.net%2Fpixel%3Fgoogle_nid%3Dspotxchange_dbm%26google_hm%3D%24SPOTX_BASE64_USER_ID:0
[    2590ms] [ERROR] Failed to load resource: net::ERR_NAME_NOT_RESOLVED @ https://cs.lkqd.net/cs?partnerId=59&redirect=https%3A%2F%2Fcm.g.doubleclick.net%2Fpixel%3Fgoogle_nid%3Dlkqd_dbm%26google_hm%3D%24%24rawlkqduserid%7Cbase64%24%24:0
[    2625ms] [ERROR] Attestation check for Shared Storage on https://www.googleadservices.com failed. @ https://www.googleadservices.com/pagead/managed/js/activeview/current/reach_worklet.html:0
[    2652ms] [ERROR] Failed to load resource: net::ERR_NAME_NOT_RESOLVED @ https://sync.search.spotxchange.com/partner?adv_id=7025&gdpr=0&gpp_sid=-1&uid=CAESEFXuTjgYFQ73k4_Go6SvGIM&google_cver=1:0
[    2660ms] [ERROR] Failed to load resource: net::ERR_NAME_NOT_RESOLVED @ https://cs.lkqd.net/cs?partnerId=59&partnerUserId=CAESEK0y5wrsXiMdmYyEaJ-tC7I&google_cver=1:0
[    2733ms] [ERROR] Attestation check for Attribution Reporting on https://ad.doubleclick.net failed. @ https://techcrunch.com/2026/03/18/patreon-ceo-calls-ai-companies-fair-use-argument-bogus-says-creators-should-be-paid/:0
[    2369ms] [ERROR] Attestation check for Shared Storage on https://www.googleadservices.com failed. @ https://www.googleadservices.com/pagead/managed/js/activeview/current/reach_worklet.html:0
[    2456ms] [ERROR] Attestation check for Shared Storage on https://www.googleadservices.com failed. @ https://www.googleadservices.com/pagead/managed/js/activeview/current/reach_worklet.html:0
[    2458ms] [ERROR] Attestation check for Shared Storage on https://www.googleadservices.com failed. @ https://www.googleadservices.com/pagead/managed/js/activeview/current/reach_worklet.html:0
[    2458ms] [ERROR] Attestation check for Shared Storage on https://www.googleadservices.com failed. @ https://www.googleadservices.com/pagead/managed/js/activeview/current/reach_worklet.html:0
[    2625ms] [ERROR] Attestation check for Shared Storage on https://www.googleadservices.com failed. @ https://www.googleadservices.com/pagead/managed/js/activeview/current/reach_worklet.html:0
[    3047ms] [ERROR] Attestation check for Shared Storage on https://www.googleadservices.com failed. @ https://www.googleadservices.com/pagead/managed/js/activeview/current/reach_worklet.html:0
[    6186ms] [ERROR] Failed to load resource: the server responded with a status of 451 () @ https://pippio.com/api/sync?pid=710914&_=1&it=4&it=4&it=4&iv=34d6944d9e2387889e5b41e60ac9b599c456e913736b871d15f3f33cc14537cf:0
[    6193ms] [ERROR] Failed to load resource: net::ERR_CERT_DATE_INVALID @ https://measureadv.com/user?gdpr=0&gdpr_consent=&usp_consent=&p=4:0
[    6456ms] [ERROR] Failed to load resource: the server responded with a status of 404 () @ https://cs.krushmedia.com/4831fbf13dd518a56346a6e0ec8ba9d5.gif?puid=ID5-5-0747232a-5f3a-4c9e-ae1a-d598846aa369&redir=https%3A%2F%2Fsync.inmobi.com%2Fsetuid%3FbidderID%3D1315%26dspUserId%3D%5BUID%5D&gdpr=0&gdpr_consent=:0
[    6193ms] [ERROR] Failed to load resource: net::ERR_CERT_DATE_INVALID @ https://measureadv.com/user?gdpr=0&gdpr_consent=&usp_consent=&p=4:0
[    6456ms] [ERROR] Failed to load resource: the server responded with a status of 404 () @ https://cs.krushmedia.com/4831fbf13dd518a56346a6e0ec8ba9d5.gif?puid=ID5-5-0747232a-5f3a-4c9e-ae1a-d598846aa369&redir=https%3A%2F%2Fsync.inmobi.com%2Fsetuid%3FbidderID%3D1315%26dspUserId%3D%5BUID%5D&gdpr=0&gdpr_consent=:0
[    8467ms] [WARNING] An iframe which has both allow-scripts and allow-same-origin for its sandbox attribute can escape its sandboxing. @ https://securepubads.g.doubleclick.net/pagead/managed/js/gpt/m202603120101/pubads_impl.js:18
[    2369ms] [ERROR] Attestation check for Shared Storage on https://www.googleadservices.com failed. @ https://www.googleadservices.com/pagead/managed/js/activeview/current/reach_worklet.html:0
[    2456ms] [ERROR] Attestation check for Shared Storage on https://www.googleadservices.com failed. @ https://www.googleadservices.com/pagead/managed/js/activeview/current/reach_worklet.html:0
[    2458ms] [ERROR] Attestation check for Shared Storage on https://www.googleadservices.com failed. @ https://www.googleadservices.com/pagead/managed/js/activeview/current/reach_worklet.html:0
[    2458ms] [ERROR] Attestation check for Shared Storage on https://www.googleadservices.com failed. @ https://www.googleadservices.com/pagead/managed/js/activeview/current/reach_worklet.html:0
[    2625ms] [ERROR] Attestation check for Shared Storage on https://www.googleadservices.com failed. @ https://www.googleadservices.com/pagead/managed/js/activeview/current/reach_worklet.html:0
[    3047ms] [ERROR] Attestation check for Shared Storage on https://www.googleadservices.com failed. @ https://www.googleadservices.com/pagead/managed/js/activeview/current/reach_worklet.html:0
[   12692ms] [ERROR] Attestation check for Shared Storage on https://www.googleadservices.com failed. @ https://www.googleadservices.com/pagead/managed/js/activeview/current/reach_worklet.html:0
[    2583ms] [ERROR] Failed to load resource: net::ERR_NAME_NOT_RESOLVED @ https://sync.search.spotxchange.com/partner?adv_id=7025&gdpr=0&gpp_sid=-1&redir=https%3A%2F%2Fcm.g.doubleclick.net%2Fpixel%3Fgoogle_nid%3Dspotxchange_dbm%26google_hm%3D%24SPOTX_BASE64_USER_ID:0
[    2590ms] [ERROR] Failed to load resource: net::ERR_NAME_NOT_RESOLVED @ https://cs.lkqd.net/cs?partnerId=59&redirect=https%3A%2F%2Fcm.g.doubleclick.net%2Fpixel%3Fgoogle_nid%3Dlkqd_dbm%26google_hm%3D%24%24rawlkqduserid%7Cbase64%24%24:0
[    2652ms] [ERROR] Failed to load resource: net::ERR_NAME_NOT_RESOLVED @ https://sync.search.spotxchange.com/partner?adv_id=7025&gdpr=0&gpp_sid=-1&uid=CAESEFXuTjgYFQ73k4_Go6SvGIM&google_cver=1:0
[    2660ms] [ERROR] Failed to load resource: net::ERR_NAME_NOT_RESOLVED @ https://cs.lkqd.net/cs?partnerId=59&partnerUserId=CAESEK0y5wrsXiMdmYyEaJ-tC7I&google_cver=1:0
[   12750ms] [ERROR] Attestation check for Attribution Reporting on https://ad.doubleclick.net failed. @ https://techcrunch.com/2026/03/18/patreon-ceo-calls-ai-companies-fair-use-argument-bogus-says-creators-should-be-paid/:0
[   12872ms] [ERROR] Attestation check for Attribution Reporting on https://ad.doubleclick.net failed. @ https://techcrunch.com/2026/03/18/patreon-ceo-calls-ai-companies-fair-use-argument-bogus-says-creators-should-be-paid/:0
[    2369ms] [ERROR] Attestation check for Shared Storage on https://www.googleadservices.com failed. @ https://www.googleadservices.com/pagead/managed/js/activeview/current/reach_worklet.html:0
[    2456ms] [ERROR] Attestation check for Shared Storage on https://www.googleadservices.com failed. @ https://www.googleadservices.com/pagead/managed/js/activeview/current/reach_worklet.html:0
[    2458ms] [ERROR] Attestation check for Shared Storage on https://www.googleadservices.com failed. @ https://www.googleadservices.com/pagead/managed/js/activeview/current/reach_worklet.html:0
[    2458ms] [ERROR] Attestation check for Shared Storage on https://www.googleadservices.com failed. @ https://www.googleadservices.com/pagead/managed/js/activeview/current/reach_worklet.html:0
[    2625ms] [ERROR] Attestation check for Shared Storage on https://www.googleadservices.com failed. @ https://www.googleadservices.com/pagead/managed/js/activeview/current/reach_worklet.html:0
[    3047ms] [ERROR] Attestation check for Shared Storage on https://www.googleadservices.com failed. @ https://www.googleadservices.com/pagead/managed/js/activeview/current/reach_worklet.html:0
[   12692ms] [ERROR] Attestation check for Shared Storage on https://www.googleadservices.com failed. @ https://www.googleadservices.com/pagead/managed/js/activeview/current/reach_worklet.html:0
[   13373ms] [ERROR] Attestation check for Shared Storage on https://www.googleadservices.com failed. @ https://www.googleadservices.com/pagead/managed/js/activeview/current/reach_worklet.html:0
[   13414ms] TypeError: Cannot read properties of undefined (reading 'setRushSimulatedLocalEvents')
    at https://s0.2mdn.net/dfp/2849604/5977527766/1772299966770/index.html:247:556
[   13668ms] [ERROR] Failed to load resource: the server responded with a status of 410 (Gone) @ https://ads.stickyadstv.com/user-matching?id=11:0
[   13764ms] [ERROR] Failed to load resource: the server responded with a status of 410 (Gone) @ https://ads.stickyadstv.com/user-registering?dataProviderId=141&userId=CAESEMKpCJb3Lt5avQLmPeL3SGk&google_cver=1&gdpr=0&gpp_sid=-1:0
[    2369ms] [ERROR] Attestation check for Shared Storage on https://www.googleadservices.com failed. @ https://www.googleadservices.com/pagead/managed/js/activeview/current/reach_worklet.html:0
[    2456ms] [ERROR] Attestation check for Shared Storage on https://www.googleadservices.com failed. @ https://www.googleadservices.com/pagead/managed/js/activeview/current/reach_worklet.html:0
[    2458ms] [ERROR] Attestation check for Shared Storage on https://www.googleadservices.com failed. @ https://www.googleadservices.com/pagead/managed/js/activeview/current/reach_worklet.html:0
[    2458ms] [ERROR] Attestation check for Shared Storage on https://www.googleadservices.com failed. @ https://www.googleadservices.com/pagead/managed/js/activeview/current/reach_worklet.html:0
[    2625ms] [ERROR] Attestation check for Shared Storage on https://www.googleadservices.com failed. @ https://www.googleadservices.com/pagead/managed/js/activeview/current/reach_worklet.html:0
[    3047ms] [ERROR] Attestation check for Shared Storage on https://www.googleadservices.com failed. @ https://www.googleadservices.com/pagead/managed/js/activeview/current/reach_worklet.html:0
[   12692ms] [ERROR] Attestation check for Shared Storage on https://www.googleadservices.com failed. @ https://www.googleadservices.com/pagead/managed/js/activeview/current/reach_worklet.html:0
[   13373ms] [ERROR] Attestation check for Shared Storage on https://www.googleadservices.com failed. @ https://www.googleadservices.com/pagead/managed/js/activeview/current/reach_worklet.html:0
[   16022ms] [ERROR] Attestation check for Shared Storage on https://www.googleadservices.com failed. @ https://www.googleadservices.com/pagead/managed/js/activeview/current/reach_worklet.html:0
[   16807ms] Uncaught SecurityError: Failed to construct 'PresentationRequest': The document is sandboxed and lacks the 'allow-presentation' flag.
    at U.initialize (https://www.gstatic.com/eureka/clank/146/cast_sender.js:82:86)
    at chrome.cast.initialize (https://www.gstatic.com/eureka/clank/146/cast_sender.js:94:131)
    at init (https://www.youtube.com/s/player/f4f314f0/player_es6.vflset/en_GB/remote.js:497:314)
    at oTf (https://www.youtube.com/s/player/f4f314f0/player_es6.vflset/en_GB/remote.js:219:39)
    at ODF (https://www.youtube.com/s/player/f4f314f0/player_es6.vflset/en_GB/remote.js:225:7)
    at J.disableCastApi.window.chrome.chrome.cast.chrome.cast.isAvailable.window.__onGCastApiAvailable (https://www.youtube.com/s/player/f4f314f0/player_es6.vflset/en_GB/remote.js:213:491)
    at chrome.cast.ea (https://www.gstatic.com/eureka/clank/146/cast_sender.js:96:296)
[   17001ms] [WARNING] An iframe which has both allow-scripts and allow-same-origin for its sandbox attribute can escape its sandboxing. @ https://securepubads.g.doubleclick.net/pagead/managed/js/gpt/m202603120101/pubads_impl.js:18
[   17007ms] [WARNING] [GPT] Slot us-tc-ros-dt-top-right-2-1 rendered inside of the viewport.
https://goo.gle/gpt-message#169 @ https://securepubads.g.doubleclick.net/pagead/managed/js/gpt/m202603120101/pubads_impl.js:18
[   17101ms] [WARNING] An iframe which has both allow-scripts and allow-same-origin for its sandbox attribute can escape its sandboxing. @ https://securepubads.g.doubleclick.net/pagead/managed/js/gpt/m202603120101/pubads_impl.js:18
[   17178ms] [ERROR] Attestation check for Attribution Reporting on https://www.facebook.com failed. @ https://techcrunch.com/2026/03/17/ais-boys-club-could-widen-the-wealth-gap-for-women-says-rana-el-kaliouby/:0
[   17851ms] [ERROR] Attestation check for Attribution Reporting on https://www.facebook.com failed. @ https://techcrunch.com/2026/03/18/patreon-ceo-calls-ai-companies-fair-use-argument-bogus-says-creators-should-be-paid/:0
